Drill report for pcb.kicad_pcb
Created on 2024-08-02T19:35:23+0300

Copper Layer Stackup:
    =============================================================
    L1 :  F.Cu                      front
    L2 :  B.Cu                      back


Drill file 'pcb.drl' contains
    plated through holes:
    =============================================================
    T1  0.400mm  0.0157"  (175 holes)
    T2  1.000mm  0.0394"  (6 holes)

    Total plated holes count 181


Not plated through holes are merged with plated holes
    unplated through holes:
    =============================================================
    T3  0.900mm  0.0354"  (2 holes)
    T4  3.000mm  0.1181"  (84 holes)
    T5  5.000mm  0.1969"  (21 holes)
    T6  5.700mm  0.2244"  (4 holes)

    Total unplated holes count 111
